
---------------------------
Method:	merge
Size:	500000
Time:	0.234000
---------------------------

---------------------------
Method:	merge
Size:	500000
Time:	0.219000
---------------------------

---------------------------
Method:	merge
Size:	500000
Time:	2.030000e-01
---------------------------

---------------------------
Method:	merge
Size:	500000
Time:	2.190000e-01
---------------------------

---------------------------
Method:	bubble
Size:	50000
Time:	1.594000e+00
---------------------------

---------------------------
Method:	merge
Size:	500000
Time:	2.180000e-01
---------------------------

---------------------------
Method:	merge
Size:	1000000
Time:	0.453000
---------------------------

---------------------------
Method:	merge
Size:	2000000
Time:	0.890000
---------------------------

---------------------------
Method:	merge
Size:	2000000
Time:	0.921000
---------------------------

---------------------------
Method:	merge
Size:	2000000
Time:	0.906000
---------------------------

---------------------------
Method:	bubble
Size:	150000
Time:	14.422000
---------------------------

---------------------------
Method:	bubble
Size:	500000
Time:	160.125000
---------------------------

---------------------------
Method:	bubble
Size:	50000
Time:	1.609000
---------------------------

---------------------------
Method:	merge
Size:	75000
Time:	0.031000
---------------------------

---------------------------
Method:	merge
Size:	50000
Time:	0.015000
---------------------------

---------------------------
Method:	merge
Size:	50000
Time:	0.016000
---------------------------

---------------------------
Method:	merge
Size:	50000
Time:	0.031000
---------------------------

---------------------------
Method:	bubble
Size:	50000
Time:	1.562000
---------------------------

---------------------------
Method:	bubble
Size:	75000
Time:	3.609000
---------------------------

---------------------------
Method:	bubble
Size:	75000
Time:	3.625000
---------------------------

---------------------------
Method:	merge
Size:	50000
Time:	0.016000
---------------------------

---------------------------
Method:	bubble
Size:	400
Time:	0.000000
---------------------------

---------------------------
Method:	merge
Size:	400
Time:	0.000000
---------------------------

---------------------------
Method:	bubble
Size:	400
Time:	0.000000
---------------------------

---------------------------
Method:	merge
Size:	50000
Time:	0.016000
---------------------------

---------------------------
Method:	merge
Size:	400
Time:	0.000000
---------------------------

---------------------------
Method:	merge
Size:	2000000
Time:	0.906000
---------------------------

---------------------------
Method:	merge
Size:	47862
Time:	0.031000
---------------------------

---------------------------
Method:	merge
Size:	499084
Time:	0.219000
---------------------------

---------------------------
Method:	merge
Size:	500
Time:	0.000000
---------------------------

---------------------------
Method:	merge
Size:	5000
Time:	0.000000
---------------------------

---------------------------
Method:	merge
Size:	50000
Time:	0.015000
---------------------------

---------------------------
Method:	merge
Size:	75000
Time:	0.032000
---------------------------

---------------------------
Method:	merge
Size:	75000
Time:	0.031000
---------------------------

---------------------------
Method:	merge
Size:	75000
Time:	0.031000
---------------------------

---------------------------
Method:	merge
Size:	50000
Time:	0.016000
---------------------------

---------------------------
Method:	bubble
Size:	4000
Time:	0.015000
---------------------------

---------------------------
Method:	bubble
Size:	400
Time:	0.000000
---------------------------

---------------------------
Method:	bubble
Size:	400
Time:	0.000000
---------------------------
