79172
1014580
2120141
2709976
2978290
3823673
4313885
4439972
4521959
5748438
6067591
6364913
7363332
7730125
8021385
9532815
9984370
10724651
10953224
11635919
12241759
12729486
12735586
13237866
14209031
14238776
15934104
16216108
16318356
16604596
17038264
19607567
19901306
19945285
20116263
20284885
20640847
21497480
21859677
22696197
23990209
24146330
24163631
24164660
28251846
28409913
28707209
29838419
30750207
30788892
30925388
31452483
32549429
33016106
33812199
33993870
34869944
35343480
35618242
40574576
40698415
41085329
41174932
41641198
41852351
43416172
43734267
44325510
46461475
48423081
48802354
49806534
50265606
52603012
52767826
52810476
53114997
53221448
53397364
53465943
54348071
54969874
55230667
56530056
57197022
58229674
58250664
58954088
61808773
62525896
64413987
64913650
65332131
67065656
67212180
67386825
67907620
68043415
68706223
69235410
70070138
70077013
70250275
70290805
71030565
71858949
74285171
74961983
75301382
75695502
75964807
76410483
77078799
77256207
78066814
78402100
78557603
78740679
78935935
79800925
79983704
80492897
81126604
81355938
81410005
84023708
84365344
86068893
87445813
87758793
88604773
88773739
89762369
89877365
90079705
90445088
91965385
91991152
94253047
94752090
95945925
96748391
97103595
97228667
97664307
98008238
98360525
98508730
98753924
99323381
99503115
99978311
100883977
102710057
103179808
103792261
106076074
106279617
106416444
107845398
108289519
108354139
108770540
108818150
109167549
110082875
110751896
111952495
112055588
112633348
112885155
113467998
115120480
115363558
115671118
117091361
117649705
118654500
120033497
120796863
120802957
121613792
121668818
121698257
122291044
122298275
122610770
122820183
123023064
123127572
123135545
123534911
123550627
124685386
127649535
128144747
129594781
130019381
130408574
131281299
131636656
132011568
132195355
132720188
132735345
133654637
134707445
134869566
135011562
135784932
136298552
137340187
138910415
139062650
139588653
142419197
142565440
142750431
143147002
144303684
144479742
144760692
145456991
145605295
145764828
146350351
146466493
147699711
148050904
148776516
149023651
149073086
149146473
149207793
151419506
151708422
152175793
153104193
154184141
154228893
154596212
155562330
156174053
157574283
159221670
159469801
161036221
162433918
162605992
162922026
162989194
164316311
165510680
166723143
167033398
167836993
168917428
169270040
169580810
172390394
173059014
174291954
174660666
175102292
175335537
175922353
176290241
176777229
176914296
177752976
178798935
178883767
179928336
180272216
181688961
182214821
182546393
182794800
183252500
183259839
183262813
184009440
185252727
186000315
188380966
189043798
190479199
190786318
191338415
192291046
193232713
193546344
193813167
194256194
194917146
196208318
196474438
196796183
197918049
198335300
199061485
199130786
200171889
200599908
201545383
201767518
203350772
203463129
204255255
204403541
205622740
206763353
206952622
207195539
209050470
209676963
209707626
210159793
212406292
212567592
212677188
213417377
213745282
213789816
214256663
217079209
217753854
218382997
219218649
219512205
220137366
220256095
223135923
223840042
224299652
226705916
228208603
229918877
229967193
230366643
230886282
231435222
232021905
232970414
232978166
233025813
233041313
233273414
233706287
234179031
234283651
234321959
235133143
235693283
235748855
235821227
236080650
236834421
237123473
238465781
240336068
241378139
241418521
241425015
241648121
241870475
242967616
243700930
245417478
245611454
247581721
248501142
249317930
250080007
250623354
250893890
251178577
252721268
253449437
254443538
254920124
258217604
258380965
259099087
259287561
259912583
261159140
262614181
262742800
264142285
264233784
264951930
265013200
265486371
265523290
265655689
266174756
266275987
266935916
267133468
