
---------------------------
Method:	merge
Size:	500000
Time:	0.234000
---------------------------

---------------------------
Method:	merge
Size:	500000
Time:	0.219000
---------------------------

---------------------------
Method:	merge
Size:	500000
Time:	2.030000e-01
---------------------------

---------------------------
Method:	merge
Size:	500000
Time:	2.190000e-01
---------------------------

---------------------------
Method:	bubble
Size:	50000
Time:	1.594000e+00
---------------------------

---------------------------
Method:	merge
Size:	500000
Time:	2.180000e-01
---------------------------
